d:\github\kobold2d\kobold2d\bin\intermediates\x64\release\vc142.pdb
d:\github\kobold2d\kobold2d\bin\intermediates\x64\release\vectorgraphicsobject.obj
d:\github\kobold2d\kobold2d\bin\intermediates\x64\release\tanks.obj
d:\github\kobold2d\kobold2d\bin\intermediates\x64\release\vector2.obj
d:\github\kobold2d\kobold2d\bin\intermediates\x64\release\perlinnoise.obj
d:\github\kobold2d\kobold2d\bin\intermediates\x64\release\main.obj
d:\github\kobold2d\kobold2d\bin\intermediates\x64\release\core.obj
d:\github\kobold2d\kobold2d\bin\intermediates\x64\release\magicmist.obj
d:\github\kobold2d\kobold2d\bin\intermediates\x64\release\procik.obj
d:\github\kobold2d\kobold2d\bin\intermediates\x64\release\gamestate.obj
d:\github\kobold2d\kobold2d\bin\intermediates\x64\release\creaturegeneration.obj
d:\github\kobold2d\kobold2d\bin\intermediates\x64\release\raymarching2d.obj
d:\github\kobold2d\kobold2d\bin\intermediates\x64\release\lifesim.obj
d:\github\kobold2d\kobold2d\bin\intermediates\x64\release\fractalnoisegenerator.obj
d:\github\kobold2d\kobold2d\bin\intermediates\x64\release\fractalnoiseviever.obj
d:\github\kobold2d\kobold2d\bin\intermediates\x64\release\input.obj
d:\github\kobold2d\kobold2d\bin\intermediates\x64\release\random.obj
d:\github\kobold2d\kobold2d\bin\intermediates\x64\release\mathutils.obj
d:\github\kobold2d\kobold2d\bin\intermediates\x64\release\squares.obj
d:\github\kobold2d\kobold2d\bin\intermediates\x64\release\jointanimation.obj
d:\github\kobold2d\kobold2d\bin\intermediates\x64\release\conway.obj
d:\github\kobold2d\kobold2d\bin\intermediates\x64\release\transform.obj
d:\github\kobold2d\kobold2d\bin\intermediates\x64\release\viewport.obj
d:\github\kobold2d\kobold2d\bin\x64\release\kobold2d.exe
d:\github\kobold2d\kobold2d\bin\intermediates\x64\release\kobold2d.ipdb
d:\github\kobold2d\kobold2d\bin\intermediates\x64\release\kobold2d.iobj
d:\github\kobold2d\kobold2d\bin\x64\release\kobold2d.pdb
d:\github\kobold2d\kobold2d\bin\intermediates\x64\release\kobold2d.tlog\cl.command.1.tlog
d:\github\kobold2d\kobold2d\bin\intermediates\x64\release\kobold2d.tlog\cl.read.1.tlog
d:\github\kobold2d\kobold2d\bin\intermediates\x64\release\kobold2d.tlog\cl.write.1.tlog
d:\github\kobold2d\kobold2d\bin\intermediates\x64\release\kobold2d.tlog\link.command.1.tlog
d:\github\kobold2d\kobold2d\bin\intermediates\x64\release\kobold2d.tlog\link.read.1.tlog
d:\github\kobold2d\kobold2d\bin\intermediates\x64\release\kobold2d.tlog\link.write.1.tlog
